====================
(addx, 1)
--------------------
1 => (1, 1)
2 => (1, 2)
====================
(addx, 5)
--------------------
3 => (2, 2)
4 => (2, 7)
====================
(noop, )
--------------------
5 => (7, 7)
====================
(addx, -1)
--------------------
6 => (7, 7)
7 => (7, 6)
====================
(noop, )
--------------------
8 => (6, 6)
====================
(addx, 3)
--------------------
9 => (6, 6)
10 => (6, 9)
====================
(addx, 29)
--------------------
11 => (9, 9)
12 => (9, 38)
====================
(addx, -1)
--------------------
13 => (38, 38)
14 => (38, 37)
====================
(addx, -21)
--------------------
15 => (37, 37)
16 => (37, 16)
====================
(addx, 5)
--------------------
17 => (16, 16)
18 => (16, 21)
====================
(noop, )
--------------------
19 => (21, 21)
====================
(addx, -20)
--------------------
20 => (21, 21)
21 => (21, 1)
====================
(addx, 21)
--------------------
22 => (1, 1)
23 => (1, 22)
====================
(addx, 2)
--------------------
24 => (22, 22)
25 => (22, 24)
====================
(addx, 8)
--------------------
26 => (24, 24)
27 => (24, 32)
====================
(addx, -1)
--------------------
28 => (32, 32)
29 => (32, 31)
====================
(noop, )
--------------------
30 => (31, 31)
====================
(noop, )
--------------------
31 => (31, 31)
====================
(noop, )
--------------------
32 => (31, 31)
====================
(noop, )
--------------------
33 => (31, 31)
====================
(addx, 6)
--------------------
34 => (31, 31)
35 => (31, 37)
====================
(addx, -1)
--------------------
36 => (37, 37)
37 => (37, 36)
====================
(addx, -37)
--------------------
38 => (36, 36)
39 => (36, -1)
====================
(addx, 40)
--------------------
40 => (-1, -1)
41 => (-1, 39)
====================
(addx, -10)
--------------------
42 => (39, 39)
43 => (39, 29)
====================
(addx, -25)
--------------------
44 => (29, 29)
45 => (29, 4)
====================
(addx, 5)
--------------------
46 => (4, 4)
47 => (4, 9)
====================
(addx, 2)
--------------------
48 => (9, 9)
49 => (9, 11)
====================
(addx, 5)
--------------------
50 => (11, 11)
51 => (11, 16)
====================
(noop, )
--------------------
52 => (16, 16)
====================
(noop, )
--------------------
53 => (16, 16)
====================
(noop, )
--------------------
54 => (16, 16)
====================
(addx, 21)
--------------------
55 => (16, 16)
56 => (16, 37)
====================
(addx, -20)
--------------------
57 => (37, 37)
58 => (37, 17)
====================
(addx, 2)
--------------------
59 => (17, 17)
60 => (17, 19)
====================
(noop, )
--------------------
61 => (19, 19)
====================
(addx, 3)
--------------------
62 => (19, 19)
63 => (19, 22)
====================
(addx, 2)
--------------------
64 => (22, 22)
65 => (22, 24)
====================
(addx, -5)
--------------------
66 => (24, 24)
67 => (24, 19)
====================
(addx, 12)
--------------------
68 => (19, 19)
69 => (19, 31)
====================
(addx, 3)
--------------------
70 => (31, 31)
71 => (31, 34)
====================
(noop, )
--------------------
72 => (34, 34)
====================
(addx, 2)
--------------------
73 => (34, 34)
74 => (34, 36)
====================
(addx, 3)
--------------------
75 => (36, 36)
76 => (36, 39)
====================
(addx, -2)
--------------------
77 => (39, 39)
78 => (39, 37)
====================
(addx, -37)
--------------------
79 => (37, 37)
80 => (37, 0)
====================
(addx, 1)
--------------------
81 => (0, 0)
82 => (0, 1)
====================
(addx, 5)
--------------------
83 => (1, 1)
84 => (1, 6)
====================
(addx, 3)
--------------------
85 => (6, 6)
86 => (6, 9)
====================
(addx, -2)
--------------------
87 => (9, 9)
88 => (9, 7)
====================
(addx, 2)
--------------------
89 => (7, 7)
90 => (7, 9)
====================
(addx, 29)
--------------------
91 => (9, 9)
92 => (9, 38)
====================
(addx, -22)
--------------------
93 => (38, 38)
94 => (38, 16)
====================
(addx, 13)
--------------------
95 => (16, 16)
96 => (16, 29)
====================
(noop, )
--------------------
97 => (29, 29)
====================
(addx, -8)
--------------------
98 => (29, 29)
99 => (29, 21)
====================
(addx, -6)
--------------------
100 => (21, 21)
101 => (21, 15)
====================
(addx, 7)
--------------------
102 => (15, 15)
103 => (15, 22)
====================
(addx, 2)
--------------------
104 => (22, 22)
105 => (22, 24)
====================
(noop, )
--------------------
106 => (24, 24)
====================
(addx, 7)
--------------------
107 => (24, 24)
108 => (24, 31)
====================
(addx, -2)
--------------------
109 => (31, 31)
110 => (31, 29)
====================
(addx, 5)
--------------------
111 => (29, 29)
112 => (29, 34)
====================
(addx, 2)
--------------------
113 => (34, 34)
114 => (34, 36)
====================
(addx, -26)
--------------------
115 => (36, 36)
116 => (36, 10)
====================
(addx, -11)
--------------------
117 => (10, 10)
118 => (10, -1)
====================
(noop, )
--------------------
119 => (-1, -1)
====================
(noop, )
--------------------
120 => (-1, -1)
====================
(addx, 6)
--------------------
121 => (-1, -1)
122 => (-1, 5)
====================
(addx, 1)
--------------------
123 => (5, 5)
124 => (5, 6)
====================
(addx, 1)
--------------------
125 => (6, 6)
126 => (6, 7)
====================
(noop, )
--------------------
127 => (7, 7)
====================
(addx, 4)
--------------------
128 => (7, 7)
129 => (7, 11)
====================
(addx, 5)
--------------------
130 => (11, 11)
131 => (11, 16)
====================
(noop, )
--------------------
132 => (16, 16)
====================
(noop, )
--------------------
133 => (16, 16)
====================
(addx, -2)
--------------------
134 => (16, 16)
135 => (16, 14)
====================
(addx, 3)
--------------------
136 => (14, 14)
137 => (14, 17)
====================
(noop, )
--------------------
138 => (17, 17)
====================
(addx, 2)
--------------------
139 => (17, 17)
140 => (17, 19)
====================
(addx, 5)
--------------------
141 => (19, 19)
142 => (19, 24)
====================
(addx, 2)
--------------------
143 => (24, 24)
144 => (24, 26)
====================
(addx, -22)
--------------------
145 => (26, 26)
146 => (26, 4)
====================
(addx, 27)
--------------------
147 => (4, 4)
148 => (4, 31)
====================
(addx, -1)
--------------------
149 => (31, 31)
150 => (31, 30)
====================
(addx, 1)
--------------------
151 => (30, 30)
152 => (30, 31)
====================
(addx, 5)
--------------------
153 => (31, 31)
154 => (31, 36)
====================
(addx, 2)
--------------------
155 => (36, 36)
156 => (36, 38)
====================
(noop, )
--------------------
157 => (38, 38)
====================
(addx, -39)
--------------------
158 => (38, 38)
159 => (38, -1)
====================
(addx, 22)
--------------------
160 => (-1, -1)
161 => (-1, 21)
====================
(noop, )
--------------------
162 => (21, 21)
====================
(addx, -15)
--------------------
163 => (21, 21)
164 => (21, 6)
====================
(addx, 3)
--------------------
165 => (6, 6)
166 => (6, 9)
====================
(addx, -2)
--------------------
167 => (9, 9)
168 => (9, 7)
====================
(addx, 2)
--------------------
169 => (7, 7)
170 => (7, 9)
====================
(addx, -2)
--------------------
171 => (9, 9)
172 => (9, 7)
====================
(addx, 9)
--------------------
173 => (7, 7)
174 => (7, 16)
====================
(addx, 3)
--------------------
175 => (16, 16)
176 => (16, 19)
====================
(noop, )
--------------------
177 => (19, 19)
====================
(addx, 2)
--------------------
178 => (19, 19)
179 => (19, 21)
====================
(addx, 3)
--------------------
180 => (21, 21)
181 => (21, 24)
====================
(addx, -2)
--------------------
182 => (24, 24)
183 => (24, 22)
====================
(addx, 2)
--------------------
184 => (22, 22)
185 => (22, 24)
====================
(noop, )
--------------------
186 => (24, 24)
====================
(noop, )
--------------------
187 => (24, 24)
====================
(noop, )
--------------------
188 => (24, 24)
====================
(addx, 5)
--------------------
189 => (24, 24)
190 => (24, 29)
====================
(addx, -17)
--------------------
191 => (29, 29)
192 => (29, 12)
====================
(addx, 24)
--------------------
193 => (12, 12)
194 => (12, 36)
====================
(addx, -7)
--------------------
195 => (36, 36)
196 => (36, 29)
====================
(addx, 8)
--------------------
197 => (29, 29)
198 => (29, 37)
====================
(addx, -36)
--------------------
199 => (37, 37)
200 => (37, 1)
====================
(addx, 2)
--------------------
201 => (1, 1)
202 => (1, 3)
====================
(addx, 3)
--------------------
203 => (3, 3)
204 => (3, 6)
====================
(addx, 33)
--------------------
205 => (6, 6)
206 => (6, 39)
====================
(addx, -32)
--------------------
207 => (39, 39)
208 => (39, 7)
====================
(addx, 4)
--------------------
209 => (7, 7)
210 => (7, 11)
====================
(addx, 1)
--------------------
211 => (11, 11)
212 => (11, 12)
====================
(noop, )
--------------------
213 => (12, 12)
====================
(addx, 5)
--------------------
214 => (12, 12)
215 => (12, 17)
====================
(noop, )
--------------------
216 => (17, 17)
====================
(noop, )
--------------------
217 => (17, 17)
====================
(addx, 20)
--------------------
218 => (17, 17)
219 => (17, 37)
====================
(addx, -15)
--------------------
220 => (37, 37)
221 => (37, 22)
====================
(addx, 4)
--------------------
222 => (22, 22)
223 => (22, 26)
====================
(noop, )
--------------------
224 => (26, 26)
====================
(addx, 1)
--------------------
225 => (26, 26)
226 => (26, 27)
====================
(noop, )
--------------------
227 => (27, 27)
====================
(addx, 4)
--------------------
228 => (27, 27)
229 => (27, 31)
====================
(addx, 6)
--------------------
230 => (31, 31)
231 => (31, 37)
====================
(addx, -30)
--------------------
232 => (37, 37)
233 => (37, 7)
====================
(addx, 30)
--------------------
234 => (7, 7)
235 => (7, 37)
====================
(noop, )
--------------------
236 => (37, 37)
====================
(noop, )
--------------------
237 => (37, 37)
====================
(noop, )
--------------------
238 => (37, 37)
====================
(noop, )
--------------------
239 => (37, 37)
====================
(noop, )
--------------------
240 => (37, 37)
